Arguments: 
  /usr/bin/node /usr/sbin/yarn install

PATH: 
  /usr/sbin:/sbin:/bin:/usr/games:/usr/local/sbin:/usr/local/bin:/usr/bin:/opt/cxoffice/bin:/usr/lib/jvm/default/bin:/usr/bin/site_perl:/usr/bin/vendor_perl:/usr/bin/core_perl

Yarn version: 
  0.28.4

Node version: 
  8.4.0

Platform: 
  linux x64

npm manifest: 
  {
    "name": "redux-simple-starter",
    "version": "1.0.0",
    "description": "Simple starter package for Redux with React and Babel support",
    "main": "index.js",
    "repository": "git@github.com:StephenGrider/ReduxSimpleStarter.git",
    "scripts": {
      "start": "node ./node_modules/webpack-dev-server/bin/webpack-dev-server.js",
      "test": "mocha --compilers js:babel-core/register --require ./test/test_helper.js --recursive ./test",
      "test:watch": "npm run test -- --watch"
    },
    "author": "",
    "license": "ISC",
    "devDependencies": {
      "babel-core": "^6.2.1",
      "babel-loader": "^6.2.0",
      "babel-preset-es2015": "^6.1.18",
      "babel-preset-react": "^6.1.18",
      "chai": "^3.5.0",
      "chai-jquery": "^2.0.0",
      "jquery": "^2.2.1",
      "jsdom": "^8.1.0",
      "mocha": "^2.4.5",
      "react-addons-test-utils": "^0.14.7",
      "webpack": "^1.12.9",
      "webpack-dev-server": "^1.14.0"
    },
    "dependencies": {
      "babel-preset-stage-1": "^6.1.18",
      "lodash": "^3.10.1",
      "react": "^0.14.3",
      "react-dom": "^0.14.3",
      "react-redux": "4.3.0",
      "react-router": "^2.0.1",
      "redux": "^3.0.4"
    }
  }

yarn manifest: 
  No manifest

Lockfile: 
  No lockfile

Trace: 
  Error: getaddrinfo ENOTFOUND registry.yarnpkg.com registry.yarnpkg.com:443
      at errnoException (dns.js:53:10)
      at GetAddrInfoReqWrap.onlookup [as oncomplete] (dns.js:95:26)
